<?xml version="1.0" encoding="UTF-8"?>
<!-- Generated by org.testng.reporters.JUnitXMLReporter -->
<testsuite ignored="0" hostname="2015s-MBP" failures="1" tests="1" name="Connection" time="66.496" errors="0" timestamp="2020-04-01T14:42:22 WAT">
  <testcase classname="appiumTest.TestCase.connection" name="payerConnection" time="51.003">
    <failure type="java.lang.IllegalArgumentException" message="Cannot find elements when the XPath is null.">
      <![CDATA[java.lang.IllegalArgumentException: Cannot find elements when the XPath is null.
at org.openqa.selenium.By$ByXPath.<init>(By.java:339)
at org.openqa.selenium.By.xpath(By.java:92)
at appiumTest.TestCase.connection.payerConnection(connection.java:67)
at java.base/java.util.ArrayList.forEach(ArrayList.java:1507)
... Removed 27 stack frames]]>
    </failure>
  </testcase> <!-- payerConnection -->
</testsuite> <!-- Connection -->
