<?xml version="1.0" encoding="UTF-8"?>
<!-- Generated by org.testng.reporters.JUnitXMLReporter -->
<testsuite ignored="0" hostname="2015s-MBP" failures="1" tests="1" name="Sign Up" time="29.121" errors="0" timestamp="2020-04-01T14:35:52 WAT">
  <testcase classname="appiumTest.TestCase.signup" name="signupTest" time="17.6">
    <failure type="java.lang.IllegalArgumentException" message="Cannot find elements when the XPath is null.">
      <![CDATA[java.lang.IllegalArgumentException: Cannot find elements when the XPath is null.
at org.openqa.selenium.By$ByXPath.<init>(By.java:339)
at org.openqa.selenium.By.xpath(By.java:92)
at appiumTest.TestCase.signup.signupTest(signup.java:39)
at java.base/java.util.ArrayList.forEach(ArrayList.java:1507)
... Removed 27 stack frames]]>
    </failure>
  </testcase> <!-- signupTest -->
</testsuite> <!-- Sign Up -->
